[0m
> build · MiniMax-M2.7
[0m
[0m→ [0mRead conductor/autonomous_prompt.md
[0m→ [0mSkill "conductor"
[0m→ [0mRead conductor/tracks.md
[0m→ [0mRead conductor/tech-debt.md
[0m→ [0mRead conductor/lessons-learned.md
[0m✗ [0mread failed
[91m[1mError: [0mFile not found: /home/daniel-bo/Desktop/pixel-art-benchmark/conductor/current_directive.md
[0m
[0m$ [0mgit status
On branch main
Your branch is up to date with 'origin/main'.

Changes not staged for commit:
  (use "git add <file>..." to update what will be committed)
  (use "git restore <file>..." to discard changes in working directory)
	modified:   conductor/output.log

no changes added to commit (use "git add" and/or "git commit -a")
[0m
[0m→ [0mRead conductor/tracks/batch_generation_pipeline_20260424/plan.md
[0m✱ [0mGlob "**/*"[90m in conductor/tracks/batch_generation_pipeline_20260424 · 3 matches[0m
[0m→ [0mRead conductor/tracks/batch_generation_pipeline_20260424/metadata.json
[0m→ [0mRead conductor/tracks/batch_generation_pipeline_20260424/spec.md
[0m✱ [0mGlob "**/*batch*"[90m 3 matches[0m
[0m✱ [0mGlob "**/orchestrator*"[90m 0 matches[0m
[0m→ [0mRead lib/batch.ts
[0m→ [0mRead lib/batch-state.test.ts
[0m→ [0mRead lib/batch.test.ts
[0m✱ [0mGlob "**/*batch*ui*"[90m 0 matches[0m
[0m✱ [0mGlob "**/components/**/*batch*"[90m 0 matches[0m
[0m
[0m$ [0mnpm test -- --run 2>&1 | head -80
> pixel-art-next@0.1.0 test
> vitest run --run


 RUN  v4.1.2 /home/daniel-bo/Desktop/pixel-art-benchmark


 Test Files  16 passed (16)
      Tests  89 passed (89)
   Start at  17:31:57
   Duration  18.78s (transform 939ms, setup 3.24s, import 4.46s, tests 5.38s, environment 33.59s)
[0m
[0m✱ [0mGlob "**/components/**/*.tsx"[90m 22 matches[0m
[0m✱ [0mGlob "**/components/**/*.ts"[90m 0 matches[0m
[0m→ [0mRead src/components/BatchConfigForm.tsx
[0m→ [0mRead src/components/BatchConfigForm.test.tsx
[0m→ [0mRead conductor/output.log
[0m
[0m$ [0mnpm test -- --run lib/batch.test.ts lib/batch-state.test.ts src/components/BatchConfigForm.test.tsx 2>&1
> pixel-art-next@0.1.0 test
> vitest run --run lib/batch.test.ts lib/batch-state.test.ts src/components/BatchConfigForm.test.tsx


 RUN  v4.1.2 /home/daniel-bo/Desktop/pixel-art-benchmark


 Test Files  3 passed (3)
      Tests  38 passed (38)
   Start at  17:32:52
   Duration  3.67s (transform 292ms, setup 547ms, import 618ms, tests 1.34s, environment 4.78s)
[0m
Phase 1 is complete. Now working on Phase 2: Parallel Execution. Let me check if there's an existing orchestrator to extend.
