[0m
> build · MiniMax-M2.7
[0m
[0m→ [0mSkill "measure"
[0m✱ [0mGlob "**/autonomous_prompt.md"[90m 1 match[0m
[0m→ [0mRead measure/autonomous_prompt.md
[0m→ [0mRead measure/tracks.md
[0m→ [0mRead measure/tech-debt.md
[0m→ [0mRead measure/lessons-learned.md
[0m✗ [0mread failed
[91m[1mError: [0mFile not found: /home/daniel-bo/Desktop/pixel-art-benchmark/measure/current_directive.md
[0m
[0m$ [0mgit status
On branch main
Your branch is up to date with 'origin/main'.

Changes not staged for commit:
  (use "git add <file>..." to update what will be committed)
  (use "git restore <file>..." to discard changes in working directory)
	modified:   measure/output.log

no changes added to commit (use "git add" and/or "git commit -a")
[0m
[0m$ [0mgit add measure/output.log && git commit -m "checkpoint: save output log" && git push
[main 6046730] checkpoint: save output log
 1 file changed, 1 insertion(+), 3272 deletions(-)
To https://github.com/bodangren/pixel-art-2026.git
   3c8701e..6046730  main -> main
[0m
[0m→ [0mRead measure/tracks/accessibility_audit_20260502/plan.md
[0m✱ [0mGlob "measure/tracks/*/metadata.json"[90m 4 matches[0m
[0m→ [0mRead measure/tracks/accessibility_audit_20260502/metadata.json
[0m
[0m$ [0mgit status --porcelain
M measure/output.log
[0m
[0m$ [0mcat package.json | grep -E '"(dev|build|test)"'
"dev": "next dev --webpack",
    "build": "next build --webpack",
    "test": "vitest run",
[0m
[0m$ [0mgit status
On branch main
Your branch is up to date with 'origin/main'.

Changes not staged for commit:
  (use "git add <file>..." to update what will be committed)
  (use "git restore <file>..." to discard changes in working directory)
	modified:   measure/output.log

no changes added to commit (use "git add" and/or "git commit -a")
[0m
[0m$ [0mgit log -1 --oneline
6046730 checkpoint: save output log
[0m
[0m$ [0mgit diff measure/output.log | head -30
diff --git a/measure/output.log b/measure/output.log
index b77853e..b7390f7 100644
--- a/measure/output.log
+++ b/measure/output.log
@@ -21,3 +21,35 @@ Changes not staged for commit:
 
 no changes added to commit (use "git add" and/or "git commit -a")
 [0m
+[0m$ [0mgit add measure/output.log && git commit -m "checkpoint: save output log" && git push
+[main 6046730] checkpoint: save output log
+ 1 file changed, 1 insertion(+), 3272 deletions(-)
+To https://github.com/bodangren/pixel-art-2026.git
+   3c8701e..6046730  main -> main
+[0m
+[0m→ [0mRead measure/tracks/accessibility_audit_20260502/plan.md
+[0m✱ [0mGlob "measure/tracks/*/metadata.json"[90m 4 matches[0m
+[0m→ [0mRead measure/tracks/accessibility_audit_20260502/metadata.json
+[0m
+[0m$ [0mgit status --porcelain
+M measure/output.log
+[0m
+[0m$ [0mcat package.json | grep -E '"(dev|build|test)"'
+"dev": "next dev --webpack",
+    "build": "next build --webpack",
+    "test": "vitest run",
+[0m
+[0m$ [0mgit status
+On branch main
+Your branch is up to date with 'origin/main'.
+
[0m
[0m$ [0mgit status
On branch main
Your branch is up to date with 'origin/main'.

Changes not staged for commit:
  (use "git add <file>..." to update what will be committed)
  (use "git restore <file>..." to discard changes in working directory)
	modified:   measure/output.log

no changes added to commit (use "git add" and/or "git commit -a")
[0m
