[0m
> build · k2p6
[0m
[0m→ [0mRead measure/review-prompt.md
Here's the review prompt:

---

**CODE REVIEW — PAST 24 HOURS**

1. **Gather changes:** git log, git diff, read tracks.md + tech-debt.md
2. **Review files for:** correctness, style, tests, security, performance
3. **Run tests:** `CI=true npm test`
4. **Run lint/typecheck:** `npm run lint && npm run typecheck`
5. **Fix up to 5-7 minor issues** (don't refactor unrelated code)
6. **Note architectural problems** in tech-debt.md (≤50 lines)
7. **Commit fixes:** `chore(review): fix N lint/style issues`
8. **Report:** files reviewed, issues found/fixed, concerns
9. **Adjust** current-priority.md if trends emerge

**Unattended rules:**
- Auto-yes to "Proceed?" / "Continue?"
- Never wait for human input
- If tests fail after 2 attempts, commit and report failure
